Comment:
  src/ta.txt doesn't look like source code, purging.
  Consider purging this before submitting to a human.
Comment:
  src/.SubsInterpreter.hs.swp doesn't look like source code, purging.
  Consider purging this before submitting to a human.
Comment:
  GHC with -Wall -Werror wasn't happy.
  Hence, your TA not likely to be happy.
Running hlint...
/tmp/tmpmrdwlas1/src/SubsInterpreter.hs:50:22: Suggestion: Use lambda-case
Found:
  \ c ->
    case c of
        (env, penv) -> Right (x, env)
        _ -> Left "Err"
Perhaps:
  \case
      (env, penv) -> Right (x, env)
      _ -> Left "Err"
Note: may require `{-# LANGUAGE LambdaCase #-}` adding to the top of the file

/tmp/tmpmrdwlas1/src/SubsInterpreter.hs:85:6: Suggestion: Redundant bracket
Found:
  [(IntVal x), (IntVal y)]
Perhaps:
  [IntVal x, (IntVal y)]

/tmp/tmpmrdwlas1/src/SubsInterpreter.hs:85:6: Suggestion: Redundant bracket
Found:
  [(IntVal x), (IntVal y)]
Perhaps:
  [(IntVal x), IntVal y]

/tmp/tmpmrdwlas1/src/SubsInterpreter.hs:86:6: Suggestion: Redundant bracket
Found:
  [(StringVal x), (StringVal y)]
Perhaps:
  [StringVal x, (StringVal y)]

/tmp/tmpmrdwlas1/src/SubsInterpreter.hs:86:6: Suggestion: Redundant bracket
Found:
  [(StringVal x), (StringVal y)]
Perhaps:
  [(StringVal x), StringVal y]

/tmp/tmpmrdwlas1/src/SubsInterpreter.hs:87:6: Suggestion: Redundant bracket
Found:
  [(IntVal x), (StringVal y)]
Perhaps:
  [IntVal x, (StringVal y)]

/tmp/tmpmrdwlas1/src/SubsInterpreter.hs:87:6: Suggestion: Redundant bracket
Found:
  [(IntVal x), (StringVal y)]
Perhaps:
  [(IntVal x), StringVal y]

/tmp/tmpmrdwlas1/src/SubsInterpreter.hs:87:56: Suggestion: Redundant bracket
Found:
  (show x) ++ y
Perhaps:
  show x ++ y

/tmp/tmpmrdwlas1/src/SubsInterpreter.hs:88:6: Suggestion: Redundant bracket
Found:
  [(StringVal x), (IntVal y)]
Perhaps:
  [StringVal x, (IntVal y)]

/tmp/tmpmrdwlas1/src/SubsInterpreter.hs:88:6: Suggestion: Redundant bracket
Found:
  [(StringVal x), (IntVal y)]
Perhaps:
  [(StringVal x), IntVal y]

/tmp/tmpmrdwlas1/src/SubsInterpreter.hs:88:57: Suggestion: Redundant bracket
Found:
  x ++ (show y)
Perhaps:
  x ++ show y

/tmp/tmpmrdwlas1/src/SubsInterpreter.hs:92:5: Suggestion: Redundant bracket
Found:
  [(IntVal x), (IntVal y)]
Perhaps:
  [IntVal x, (IntVal y)]

/tmp/tmpmrdwlas1/src/SubsInterpreter.hs:92:5: Suggestion: Redundant bracket
Found:
  [(IntVal x), (IntVal y)]
Perhaps:
  [(IntVal x), IntVal y]

/tmp/tmpmrdwlas1/src/SubsInterpreter.hs:96:5: Suggestion: Redundant bracket
Found:
  [(IntVal x), (IntVal y)]
Perhaps:
  [IntVal x, (IntVal y)]

/tmp/tmpmrdwlas1/src/SubsInterpreter.hs:96:5: Suggestion: Redundant bracket
Found:
  [(IntVal x), (IntVal y)]
Perhaps:
  [(IntVal x), IntVal y]

/tmp/tmpmrdwlas1/src/SubsInterpreter.hs:100:8: Suggestion: Redundant bracket
Found:
  [(IntVal x), (IntVal y)]
Perhaps:
  [IntVal x, (IntVal y)]

/tmp/tmpmrdwlas1/src/SubsInterpreter.hs:100:8: Suggestion: Redundant bracket
Found:
  [(IntVal x), (IntVal y)]
Perhaps:
  [(IntVal x), IntVal y]

/tmp/tmpmrdwlas1/src/SubsInterpreter.hs:158:1: Warning: Eta reduce
Found:
  exprToValueList list = map helpEval list
Perhaps:
  exprToValueList = map helpEval

18 hints
src/SubsInterpreter.hs:53:66: trailing (1) white space
src/SubsInterpreter.hs:62:1: too long line (91 chars)
src/SubsInterpreter.hs:130:40: trailing (1) white space
src/SubsInterpreter.hs:135:1: too long line (102 chars)
src/SubsInterpreter.hs:136:1: too long line (100 chars)
src/SubsInterpreter.hs:136:101: trailing (1) white space
src/SubsInterpreter.hs:138:1: too long line (88 chars)
src/SubsInterpreter.hs:142:1: too long line (94 chars)
src/SubsInterpreter.hs:163:1: too long line (84 chars)
src/SubsInterpreter.hs:57:11: non-conventional comment start: {--
 
src/SubsInterpreter.hs:64:14: non-conventional comment end:   --}
src/SubsInterpreter.hs:134:31: put one blank after -- in --(e
src/SubsInterpreter.hs:140:31: put one blank after -- in --f 
src/SubsInterpreter.hs:141:31: put one blank after -- in --Su
src/SubsInterpreter.hs:142:31: put one blank after -- in --re
src/SubsInterpreter.hs:161:35: break line after "of"
Running some property-based tests...

SubsInterpreter.hs:52:23: warning: [-Woverlapping-patterns]
    Pattern match is redundant
    In a case alternative: _ -> ...
   |
52 |                       _ -> Left "Err"
   |                       ^^^^^^^^^^^^^^^
Tests
  Simple expressions
    Variable declaration:           OK
    Addition:                       OK
    Addition and multiplication:    FAIL
      test.hs:24:
      Call "+"
           [Call "*" [Number 2,Number 3],Number 3]
      expected: Right (IntVal 9)
       but got: Right UndefinedVal
    String concatenation:           OK
    String/Number concatenation:    OK
    String/Number concatenation:    OK
    Undefined:                      OK
    Undefined assignment:           OK
    True constant:                  OK
    False constant:                 OK
    String constant:                OK
    Comma:                          OK
    Array:                          OK
    Compare false === false:        OK
    Compare false === true:         OK
    Compare true === false:         OK
    Compare true === true:          OK
    Compare arrays:                 OK
    Compare arrays:                 OK
  Multiple expressions
    Assignments are stored:         OK
    Assignments can be overridden:  FAIL
      test.hs:24:
      Comma (Assign "x" (Number 2))
            (Comma (Assign "y" (Number 3))
                   (Comma (Assign "x" (Number 4))
                          (Comma (Assign "y" (Number 5))
                                 (Call "+" [Var "x",Var "y"]))))
      expected: Right (IntVal 9)
       but got: Right UndefinedVal
    Variable-swap:                  FAIL
      test.hs:24:
      Comma (Assign "x" (Number 2))
            (Comma (Assign "y" (Number 3))
                   (Comma (Assign "tmp" (Var "x"))
                          (Comma (Assign "x" (Var "y"))
                                 (Comma (Assign "y" (Var "tmp"))
                                        (Array [Var "x",Var "y",
                                                Var "tmp"])))))
      expected: Right (ArrayVal [IntVal 3,IntVal 2,IntVal 2])
       but got: Right (ArrayVal [UndefinedVal,UndefinedVal,UndefinedVal])
    Nested assignment expressions:  OK
  Array comprehensions
    Simple For:                     FAIL
      test.hs:24:
      Compr (ACFor "x"
                   (Array [Number 1,Number 2,Number 3])
                   (ACBody (Call "+" [Var "x",Number 1])))
      expected: Right (ArrayVal [IntVal 2,IntVal 3,IntVal 4])
       but got: Right UndefinedVal
    Computing array of squares:     FAIL
      test.hs:24:
      Compr (ACFor "x"
                   (Array [Number 2,Number 3,Number 4])
                   (ACBody (Call "*" [Var "x",Var "x"])))
      expected: Right (ArrayVal [IntVal 4,IntVal 9,IntVal 16])
       but got: Right UndefinedVal
    Nested For:                     FAIL
      test.hs:24:
      Comma (Assign "xs"
                    (Array [Number 1,Number 2,Number 3]))
            (Compr (ACFor "x"
                          (Var "xs")
                          (ACFor "y" (Var "xs") (ACBody (Number 0)))))
      expected: Right (ArrayVal [IntVal 0,IntVal 0,IntVal 0,IntVal 0,IntVal 0,IntVal 0,IntVal 0,IntVal 0,IntVal 0])
       but got: Right UndefinedVal
    Filter:                         FAIL
      test.hs:24:
      Comma (Assign "xs"
                    (Array [Number 1,Number 2,Number 3,Number 4,
                            Number 5,Number 6,Number 7,Number 8,Number 9]))
            (Compr (ACFor "x"
                          (Var "xs")
                          (ACIf (Call "==="
                                      [Call "%" [Var "x",Number 2],
                                       Number 1])
                                (ACBody (Var "x")))))
      expected: Right (ArrayVal [IntVal 1,IntVal 3,IntVal 5,IntVal 7,IntVal 9])
       but got: Right UndefinedVal
    Array comprehension scope test: OK
    Array comprehension scope test: FAIL
      test.hs:24:
      Comma (Assign "x" (Number 0))
            (Comma (Compr (ACFor "y"
                                 (Array [Number 1,Number 2,Number 3])
                                 (ACBody (Assign "x" (Var "y")))))
                   (Var "x"))
      expected: Right (IntVal 3)
       but got: Right (IntVal 0)

8 out of 29 tests failed (0.01s)
Our tests could not be run with your source.
static/strict-compile.sh FAILED
static/hlint.sh FAILED
static/style-scanner.sh FAILED
dynamic/hunit.sh FAILED
---
I am not fully satisfied.
---
Found a bug? Are the messages too cryptic?
Let us know at Absalon.


SubsInterpreter.hs:51:29: error: [-Wunused-matches, -Werror=unused-matches]
    Defined but not used: ‘penv’
   |
51 |                       (env, penv) -> Right (x, env)
   |                             ^^^^

SubsInterpreter.hs:52:23: error: [-Woverlapping-patterns, -Werror=overlapping-patterns]
    Pattern match is redundant
    In a case alternative: _ -> ...
   |
52 |                       _ -> Left "Err"
   |                       ^^^^^^^^^^^^^^^

SubsInterpreter.hs:56:22: error: [-Wunused-matches, -Werror=unused-matches]
    Defined but not used: ‘context’
   |
56 |   fail s =  SubsM $ \context -> Left s
   |                      ^^^^^^^

SubsInterpreter.hs:108:30: error: [-Wunused-matches, -Werror=unused-matches]
    Defined but not used: ‘penv’
    |
108 | modifyEnv f = SubsM $ \(env, penv) -> Right ((), f env)
    |                              ^^^^

SubsInterpreter.hs:114:30: error: [-Wunused-matches, -Werror=unused-matches]
    Defined but not used: ‘penv’
    |
114 | getVar name = SubsM $ \(env, penv) -> case Map.lookup name env of
    |                              ^^^^

SubsInterpreter.hs:129:25: error: [-Wname-shadowing, -Werror=name-shadowing]
    This binding for ‘id’ shadows the existing binding
      imported from ‘Prelude’ at SubsInterpreter.hs:1:8-22
      (and originally defined in ‘GHC.Base’)
    |
129 |                     Var id -> getVar id
    |                         ^^

SubsInterpreter.hs:130:28: error: [-Wname-shadowing, -Werror=name-shadowing]
    This binding for ‘id’ shadows the existing binding
      imported from ‘Prelude’ at SubsInterpreter.hs:1:8-22
      (and originally defined in ‘GHC.Base’)
    |
130 |                     Assign id exp -> do 
    |                            ^^

SubsInterpreter.hs:130:31: error: [-Wname-shadowing, -Werror=name-shadowing]
    This binding for ‘exp’ shadows the existing binding
      imported from ‘Prelude’ at SubsInterpreter.hs:1:8-22
      (and originally defined in ‘GHC.Float’)
    |
130 |                     Assign id exp -> do 
    |                               ^^^

SubsInterpreter.hs:135:36: error: [-Wunused-matches, -Werror=unused-matches]
    Defined but not used: ‘x’
    |
135 |                     Call fun exps@(x:xs) -> return ( case runSubsM (getFunction fun) initialContext of
    |                                    ^

SubsInterpreter.hs:135:38: error: [-Wunused-matches, -Werror=unused-matches]
    Defined but not used: ‘xs’
    |
135 |                     Call fun exps@(x:xs) -> return ( case runSubsM (getFunction fun) initialContext of
    |                                      ^^

SubsInterpreter.hs:138:70: error: [-Wunused-matches, -Werror=unused-matches]
    Defined but not used: ‘err’
    |
138 |                                                                 Left err -> UndefinedVal
    |                                                                      ^^^

SubsInterpreter.hs:163:70: error: [-Wname-shadowing, -Werror=name-shadowing]
    This binding for ‘a’ shadows the existing binding
      bound at SubsInterpreter.hs:161:44
    |
163 |                                                               Right (a,_) -> Right a
    |                                                                      ^
